<?xml version="1.0" encoding="UTF-8"?>
<testsuite xmlns:xsi="http://www.w3.org/2001/XMLSchema-instance" xsi:noNamespaceSchemaLocation="https://maven.apache.org/surefire/maven-surefire-plugin/xsd/surefire-test-report-3.0.xsd" version="3.0" name="com.driver.JSONDatabaseTest" time="0.134" tests="6" errors="0" skipped="0" failures="0">
  <properties>
    <property name="java.specification.version" value="23"/>
    <property name="sun.jnu.encoding" value="UTF-8"/>
    <property name="java.class.path" value="/Users/tanaygandhi/Desktop/Work/Passion Project/JSONDBDriver/target/test-classes:/Users/tanaygandhi/Desktop/Work/Passion Project/JSONDBDriver/target/classes:/Users/tanaygandhi/.m2/repository/junit/junit/3.8.1/junit-3.8.1.jar:/Users/tanaygandhi/.m2/repository/com/fasterxml/jackson/core/jackson-databind/2.15.0/jackson-databind-2.15.0.jar:/Users/tanaygandhi/.m2/repository/com/fasterxml/jackson/core/jackson-annotations/2.15.0/jackson-annotations-2.15.0.jar:/Users/tanaygandhi/.m2/repository/com/fasterxml/jackson/core/jackson-core/2.15.0/jackson-core-2.15.0.jar:/Users/tanaygandhi/.m2/repository/org/junit/jupiter/junit-jupiter-api/5.8.1/junit-jupiter-api-5.8.1.jar:/Users/tanaygandhi/.m2/repository/org/opentest4j/opentest4j/1.2.0/opentest4j-1.2.0.jar:/Users/tanaygandhi/.m2/repository/org/junit/platform/junit-platform-commons/1.8.1/junit-platform-commons-1.8.1.jar:/Users/tanaygandhi/.m2/repository/org/apiguardian/apiguardian-api/1.1.2/apiguardian-api-1.1.2.jar:/Users/tanaygandhi/.m2/repository/org/junit/jupiter/junit-jupiter-engine/5.8.1/junit-jupiter-engine-5.8.1.jar:/Users/tanaygandhi/.m2/repository/org/junit/platform/junit-platform-engine/1.8.1/junit-platform-engine-1.8.1.jar:"/>
    <property name="java.vm.vendor" value="Homebrew"/>
    <property name="sun.arch.data.model" value="64"/>
    <property name="java.vendor.url" value="https://github.com/Homebrew/homebrew-core/issues"/>
    <property name="user.timezone" value="America/New_York"/>
    <property name="os.name" value="Mac OS X"/>
    <property name="java.vm.specification.version" value="23"/>
    <property name="sun.java.launcher" value="SUN_STANDARD"/>
    <property name="user.country" value="US"/>
    <property name="sun.boot.library.path" value="/opt/homebrew/Cellar/openjdk/23.0.2/libexec/openjdk.jdk/Contents/Home/lib"/>
    <property name="sun.java.command" value="/Users/tanaygandhi/Desktop/Work/Passion Project/JSONDBDriver/target/surefire/surefirebooter-20250225182824071_3.jar /Users/tanaygandhi/Desktop/Work/Passion Project/JSONDBDriver/target/surefire 2025-02-25T18-28-23_129-jvmRun1 surefire-20250225182824071_1tmp surefire_0-20250225182824071_2tmp"/>
    <property name="http.nonProxyHosts" value="local|*.local|169.254/16|*.169.254/16"/>
    <property name="jdk.debug" value="release"/>
    <property name="surefire.test.class.path" value="/Users/tanaygandhi/Desktop/Work/Passion Project/JSONDBDriver/target/test-classes:/Users/tanaygandhi/Desktop/Work/Passion Project/JSONDBDriver/target/classes:/Users/tanaygandhi/.m2/repository/junit/junit/3.8.1/junit-3.8.1.jar:/Users/tanaygandhi/.m2/repository/com/fasterxml/jackson/core/jackson-databind/2.15.0/jackson-databind-2.15.0.jar:/Users/tanaygandhi/.m2/repository/com/fasterxml/jackson/core/jackson-annotations/2.15.0/jackson-annotations-2.15.0.jar:/Users/tanaygandhi/.m2/repository/com/fasterxml/jackson/core/jackson-core/2.15.0/jackson-core-2.15.0.jar:/Users/tanaygandhi/.m2/repository/org/junit/jupiter/junit-jupiter-api/5.8.1/junit-jupiter-api-5.8.1.jar:/Users/tanaygandhi/.m2/repository/org/opentest4j/opentest4j/1.2.0/opentest4j-1.2.0.jar:/Users/tanaygandhi/.m2/repository/org/junit/platform/junit-platform-commons/1.8.1/junit-platform-commons-1.8.1.jar:/Users/tanaygandhi/.m2/repository/org/apiguardian/apiguardian-api/1.1.2/apiguardian-api-1.1.2.jar:/Users/tanaygandhi/.m2/repository/org/junit/jupiter/junit-jupiter-engine/5.8.1/junit-jupiter-engine-5.8.1.jar:/Users/tanaygandhi/.m2/repository/org/junit/platform/junit-platform-engine/1.8.1/junit-platform-engine-1.8.1.jar:"/>
    <property name="sun.cpu.endian" value="little"/>
    <property name="user.home" value="/Users/tanaygandhi"/>
    <property name="user.language" value="en"/>
    <property name="java.specification.vendor" value="Oracle Corporation"/>
    <property name="java.version.date" value="2025-01-21"/>
    <property name="java.home" value="/opt/homebrew/Cellar/openjdk/23.0.2/libexec/openjdk.jdk/Contents/Home"/>
    <property name="file.separator" value="/"/>
    <property name="basedir" value="/Users/tanaygandhi/Desktop/Work/Passion Project/JSONDBDriver"/>
    <property name="java.vm.compressedOopsMode" value="Zero based"/>
    <property name="line.separator" value="&#10;"/>
    <property name="java.vm.specification.vendor" value="Oracle Corporation"/>
    <property name="java.specification.name" value="Java Platform API Specification"/>
    <property name="apple.awt.application.name" value="ForkedBooter"/>
    <property name="surefire.real.class.path" value="/Users/tanaygandhi/Desktop/Work/Passion Project/JSONDBDriver/target/surefire/surefirebooter-20250225182824071_3.jar"/>
    <property name="sun.management.compiler" value="HotSpot 64-Bit Tiered Compilers"/>
    <property name="ftp.nonProxyHosts" value="local|*.local|169.254/16|*.169.254/16"/>
    <property name="java.runtime.version" value="23.0.2"/>
    <property name="user.name" value="tanaygandhi"/>
    <property name="stdout.encoding" value="UTF-8"/>
    <property name="path.separator" value=":"/>
    <property name="os.version" value="15.0.1"/>
    <property name="java.runtime.name" value="OpenJDK Runtime Environment"/>
    <property name="file.encoding" value="UTF-8"/>
    <property name="java.vm.name" value="OpenJDK 64-Bit Server VM"/>
    <property name="java.vendor.version" value="Homebrew"/>
    <property name="localRepository" value="/Users/tanaygandhi/.m2/repository"/>
    <property name="java.vendor.url.bug" value="https://github.com/Homebrew/homebrew-core/issues"/>
    <property name="java.io.tmpdir" value="/var/folders/rn/6bw53q7n3wd9t23srp81rpdr0000gn/T/"/>
    <property name="java.version" value="23.0.2"/>
    <property name="user.dir" value="/Users/tanaygandhi/Desktop/Work/Passion Project/JSONDBDriver"/>
    <property name="os.arch" value="aarch64"/>
    <property name="java.vm.specification.name" value="Java Virtual Machine Specification"/>
    <property name="native.encoding" value="UTF-8"/>
    <property name="java.library.path" value="/Users/tanaygandhi/Library/Java/Extensions:/Library/Java/Extensions:/Network/Library/Java/Extensions:/System/Library/Java/Extensions:/usr/lib/java:."/>
    <property name="java.vm.info" value="mixed mode, sharing"/>
    <property name="stderr.encoding" value="UTF-8"/>
    <property name="java.vendor" value="Homebrew"/>
    <property name="java.vm.version" value="23.0.2"/>
    <property name="sun.io.unicode.encoding" value="UnicodeBig"/>
    <property name="socksNonProxyHosts" value="local|*.local|169.254/16|*.169.254/16"/>
    <property name="java.class.version" value="67.0"/>
  </properties>
  <testcase name="testInsertUser" classname="com.driver.JSONDatabaseTest" time="0.034">
    <system-out><![CDATA[[INFO] Database directory created at: ./test_database
[INFO] Created new collection directory: users
[SUCCESS] Inserted/Updated: Alice in collection: users
[INFO] Reading data from: ./test_database/users/Alice.json
[TEST] testInsertUser passed!
]]></system-out>
  </testcase>
  <testcase name="testReadUser" classname="com.driver.JSONDatabaseTest" time="0.002">
    <system-out><![CDATA[[INFO] Reading data from: ./test_database/users/Alice.json
[TEST] testReadUser passed!
]]></system-out>
  </testcase>
  <testcase name="testReadAllUsers" classname="com.driver.JSONDatabaseTest" time="0.005">
    <system-out><![CDATA[[SUCCESS] Read 1 records from collection: users
[TEST] testReadAllUsers passed!
]]></system-out>
  </testcase>
  <testcase name="testUpdateUser" classname="com.driver.JSONDatabaseTest" time="0.002">
    <system-out><![CDATA[[INFO] Reading data from: ./test_database/users/Alice.json
[SUCCESS] Inserted/Updated: Alice in collection: users
[INFO] Reading data from: ./test_database/users/Alice.json
[TEST] testUpdateUser passed!
]]></system-out>
  </testcase>
  <testcase name="testDeleteUser" classname="com.driver.JSONDatabaseTest" time="0.002">
    <system-out><![CDATA[[SUCCESS] Deleted resource: ./test_database/users/Alice.json
[ERROR] File not found: ./test_database/users/Alice.json
[TEST] testDeleteUser passed!
]]></system-out>
  </testcase>
  <testcase name="testReadMissingUser" classname="com.driver.JSONDatabaseTest" time="0.001">
    <system-out><![CDATA[[ERROR] File not found: ./test_database/users/Bob.json
[TEST] testReadMissingUser passed!
]]></system-out>
  </testcase>
</testsuite>