<?xml version="1.0" encoding="UTF-8"?>
<testsuite xmlns:xsi="http://www.w3.org/2001/XMLSchema-instance" xsi:noNamespaceSchemaLocation="https://maven.apache.org/surefire/maven-surefire-plugin/xsd/surefire-test-report-3.0.xsd" version="3.0" name="com.driver.JSONDatabaseTest" time="0.147" tests="10" errors="0" skipped="0" failures="0">
  <properties>
    <property name="java.specification.version" value="23"/>
    <property name="sun.jnu.encoding" value="UTF-8"/>
    <property name="java.class.path" value="/Users/tanaygandhi/Desktop/Work/Passion Project/JSONDBDriver/target/test-classes:/Users/tanaygandhi/Desktop/Work/Passion Project/JSONDBDriver/target/classes:/Users/tanaygandhi/.m2/repository/org/junit/jupiter/junit-jupiter-api/5.9.3/junit-jupiter-api-5.9.3.jar:/Users/tanaygandhi/.m2/repository/org/opentest4j/opentest4j/1.2.0/opentest4j-1.2.0.jar:/Users/tanaygandhi/.m2/repository/org/junit/platform/junit-platform-commons/1.9.3/junit-platform-commons-1.9.3.jar:/Users/tanaygandhi/.m2/repository/org/apiguardian/apiguardian-api/1.1.2/apiguardian-api-1.1.2.jar:/Users/tanaygandhi/.m2/repository/org/junit/jupiter/junit-jupiter-engine/5.9.3/junit-jupiter-engine-5.9.3.jar:/Users/tanaygandhi/.m2/repository/org/junit/platform/junit-platform-engine/1.9.3/junit-platform-engine-1.9.3.jar:/Users/tanaygandhi/.m2/repository/com/fasterxml/jackson/core/jackson-databind/2.15.0/jackson-databind-2.15.0.jar:/Users/tanaygandhi/.m2/repository/com/fasterxml/jackson/core/jackson-annotations/2.15.0/jackson-annotations-2.15.0.jar:/Users/tanaygandhi/.m2/repository/com/fasterxml/jackson/core/jackson-core/2.15.0/jackson-core-2.15.0.jar:"/>
    <property name="java.vm.vendor" value="Homebrew"/>
    <property name="sun.arch.data.model" value="64"/>
    <property name="java.vendor.url" value="https://github.com/Homebrew/homebrew-core/issues"/>
    <property name="user.timezone" value="America/New_York"/>
    <property name="os.name" value="Mac OS X"/>
    <property name="java.vm.specification.version" value="23"/>
    <property name="sun.java.launcher" value="SUN_STANDARD"/>
    <property name="user.country" value="US"/>
    <property name="sun.boot.library.path" value="/opt/homebrew/Cellar/openjdk/23.0.2/libexec/openjdk.jdk/Contents/Home/lib"/>
    <property name="sun.java.command" value="/Users/tanaygandhi/Desktop/Work/Passion Project/JSONDBDriver/target/surefire/surefirebooter-20250225232328553_3.jar /Users/tanaygandhi/Desktop/Work/Passion Project/JSONDBDriver/target/surefire 2025-02-25T23-23-28_511-jvmRun1 surefire-20250225232328553_1tmp surefire_0-20250225232328553_2tmp"/>
    <property name="http.nonProxyHosts" value="local|*.local|169.254/16|*.169.254/16"/>
    <property name="jdk.debug" value="release"/>
    <property name="surefire.test.class.path" value="/Users/tanaygandhi/Desktop/Work/Passion Project/JSONDBDriver/target/test-classes:/Users/tanaygandhi/Desktop/Work/Passion Project/JSONDBDriver/target/classes:/Users/tanaygandhi/.m2/repository/org/junit/jupiter/junit-jupiter-api/5.9.3/junit-jupiter-api-5.9.3.jar:/Users/tanaygandhi/.m2/repository/org/opentest4j/opentest4j/1.2.0/opentest4j-1.2.0.jar:/Users/tanaygandhi/.m2/repository/org/junit/platform/junit-platform-commons/1.9.3/junit-platform-commons-1.9.3.jar:/Users/tanaygandhi/.m2/repository/org/apiguardian/apiguardian-api/1.1.2/apiguardian-api-1.1.2.jar:/Users/tanaygandhi/.m2/repository/org/junit/jupiter/junit-jupiter-engine/5.9.3/junit-jupiter-engine-5.9.3.jar:/Users/tanaygandhi/.m2/repository/org/junit/platform/junit-platform-engine/1.9.3/junit-platform-engine-1.9.3.jar:/Users/tanaygandhi/.m2/repository/com/fasterxml/jackson/core/jackson-databind/2.15.0/jackson-databind-2.15.0.jar:/Users/tanaygandhi/.m2/repository/com/fasterxml/jackson/core/jackson-annotations/2.15.0/jackson-annotations-2.15.0.jar:/Users/tanaygandhi/.m2/repository/com/fasterxml/jackson/core/jackson-core/2.15.0/jackson-core-2.15.0.jar:"/>
    <property name="sun.cpu.endian" value="little"/>
    <property name="user.home" value="/Users/tanaygandhi"/>
    <property name="user.language" value="en"/>
    <property name="java.specification.vendor" value="Oracle Corporation"/>
    <property name="java.version.date" value="2025-01-21"/>
    <property name="java.home" value="/opt/homebrew/Cellar/openjdk/23.0.2/libexec/openjdk.jdk/Contents/Home"/>
    <property name="file.separator" value="/"/>
    <property name="basedir" value="/Users/tanaygandhi/Desktop/Work/Passion Project/JSONDBDriver"/>
    <property name="java.vm.compressedOopsMode" value="Zero based"/>
    <property name="line.separator" value="&#10;"/>
    <property name="java.vm.specification.vendor" value="Oracle Corporation"/>
    <property name="java.specification.name" value="Java Platform API Specification"/>
    <property name="apple.awt.application.name" value="ForkedBooter"/>
    <property name="surefire.real.class.path" value="/Users/tanaygandhi/Desktop/Work/Passion Project/JSONDBDriver/target/surefire/surefirebooter-20250225232328553_3.jar"/>
    <property name="sun.management.compiler" value="HotSpot 64-Bit Tiered Compilers"/>
    <property name="ftp.nonProxyHosts" value="local|*.local|169.254/16|*.169.254/16"/>
    <property name="java.runtime.version" value="23.0.2"/>
    <property name="user.name" value="tanaygandhi"/>
    <property name="stdout.encoding" value="UTF-8"/>
    <property name="path.separator" value=":"/>
    <property name="os.version" value="15.0.1"/>
    <property name="java.runtime.name" value="OpenJDK Runtime Environment"/>
    <property name="file.encoding" value="UTF-8"/>
    <property name="java.vm.name" value="OpenJDK 64-Bit Server VM"/>
    <property name="java.vendor.version" value="Homebrew"/>
    <property name="localRepository" value="/Users/tanaygandhi/.m2/repository"/>
    <property name="java.vendor.url.bug" value="https://github.com/Homebrew/homebrew-core/issues"/>
    <property name="java.io.tmpdir" value="/var/folders/rn/6bw53q7n3wd9t23srp81rpdr0000gn/T/"/>
    <property name="java.version" value="23.0.2"/>
    <property name="user.dir" value="/Users/tanaygandhi/Desktop/Work/Passion Project/JSONDBDriver"/>
    <property name="os.arch" value="aarch64"/>
    <property name="java.vm.specification.name" value="Java Virtual Machine Specification"/>
    <property name="native.encoding" value="UTF-8"/>
    <property name="java.library.path" value="/Users/tanaygandhi/Library/Java/Extensions:/Library/Java/Extensions:/Network/Library/Java/Extensions:/System/Library/Java/Extensions:/usr/lib/java:."/>
    <property name="java.vm.info" value="mixed mode, sharing"/>
    <property name="stderr.encoding" value="UTF-8"/>
    <property name="java.vendor" value="Homebrew"/>
    <property name="java.vm.version" value="23.0.2"/>
    <property name="sun.io.unicode.encoding" value="UnicodeBig"/>
    <property name="socksNonProxyHosts" value="local|*.local|169.254/16|*.169.254/16"/>
    <property name="java.class.version" value="67.0"/>
  </properties>
  <testcase name="testInsertUser" classname="com.driver.JSONDatabaseTest" time="0.024">
    <system-out><![CDATA[[TEST] [Thread-1] Database initialized for testing!
[THREAD] [Thread-30] Thread 30 is inserting/updating Alice
[CACHE] [Thread-31] Cache hit for user: Alice
[TEST] [Thread-1] testInsertUser passed!
]]></system-out>
  </testcase>
  <testcase name="testReadUser" classname="com.driver.JSONDatabaseTest" time="0.0">
    <system-out><![CDATA[[CACHE] [Thread-32] Cache hit for user: Alice
[TEST] [Thread-1] testReadUser passed!
]]></system-out>
  </testcase>
  <testcase name="testReadAllUsers" classname="com.driver.JSONDatabaseTest" time="0.004">
    <system-out><![CDATA[[TEST] [Thread-1] testReadAllUsers passed!
]]></system-out>
  </testcase>
  <testcase name="testUpdateUser" classname="com.driver.JSONDatabaseTest" time="0.002">
    <system-out><![CDATA[[CACHE] [Thread-34] Cache hit for user: Alice
[THREAD] [Thread-35] Thread 35 is inserting/updating Alice
[CACHE] [Thread-36] Cache hit for user: Alice
[TEST] [Thread-1] testUpdateUser passed!
]]></system-out>
  </testcase>
  <testcase name="testDeleteUser" classname="com.driver.JSONDatabaseTest" time="0.002">
    <system-out><![CDATA[[CACHE] [Thread-38] Cache miss for user: Alice. Reading from disk...
[TEST] [Thread-1] testDeleteUser passed!
]]></system-out>
  </testcase>
  <testcase name="testReadMissingUser" classname="com.driver.JSONDatabaseTest" time="0.001">
    <system-out><![CDATA[[CACHE] [Thread-39] Cache miss for user: Bob. Reading from disk...
[TEST] [Thread-1] testReadMissingUser passed!
]]></system-out>
  </testcase>
  <testcase name="testTransactionCommit" classname="com.driver.JSONDatabaseTest" time="0.016">
    <system-out><![CDATA[[TEST] [Thread-1] Starting transaction test - Commit scenario...
[TRANSACTION] [Thread-1] Transaction started.
[THREAD] [Thread-30] Thread 30 is inserting/updating TransactionUser
[TRANSACTION] [Thread-1] Committing transaction...
[TRANSACTION] [Thread-1] Transaction committed successfully.
[CACHE] [Thread-31] Cache miss for user: TransactionUser. Reading from disk...
[TEST] [Thread-1] testTransactionCommit passed!
]]></system-out>
  </testcase>
  <testcase name="testTransactionRollback" classname="com.driver.JSONDatabaseTest" time="0.001">
    <system-out><![CDATA[[TEST] [Thread-1] Starting transaction test - Rollback scenario...
[TRANSACTION] [Thread-1] Transaction started.
[THREAD] [Thread-32] Thread 32 is inserting/updating RollbackUser
[TEST] [Thread-1] Simulated error occurred! Rolling back...
[TRANSACTION] [Thread-1] Transaction rolled back.
[CACHE] [Thread-33] Cache miss for user: RollbackUser. Reading from disk...
[TEST] [Thread-1] testTransactionRollback passed!
]]></system-out>
  </testcase>
  <testcase name="testCachePerformance" classname="com.driver.JSONDatabaseTest" time="0.001">
    <system-out><![CDATA[[TEST] [Thread-1] Starting cache performance test...
[CACHE] [Thread-34] Cache miss for user: Alice. Reading from disk...
[CACHE] [Thread-35] Cache miss for user: Alice. Reading from disk...
[CACHE] [Thread-36] Cache miss for user: Alice. Reading from disk...
[CACHE] [Thread-37] Cache miss for user: Alice. Reading from disk...
[BENCHMARK] [Thread-1] Read time WITHOUT cache: 290542 ms
[BENCHMARK] [Thread-1] Read time WITH cache: 143292 ms
[TEST] [Thread-1] testCachePerformance passed!
]]></system-out>
  </testcase>
  <testcase name="testCacheHitMiss" classname="com.driver.JSONDatabaseTest" time="0.001">
    <system-out><![CDATA[[TEST] [Thread-1] Testing cache hit/miss behavior...
[CACHE] [Thread-38] Cache miss for user: Tom Smith. Reading from disk...
[CACHE] [Thread-39] Cache miss for user: Tom Smith. Reading from disk...
[CACHE] [Thread-30] Cache miss for user: Tom Smith. Reading from disk...
[CACHE] [Thread-31] Cache miss for user: Tom Smith. Reading from disk...
[TEST] [Thread-1] testCacheHitMiss passed!
]]></system-out>
  </testcase>
</testsuite>